<?xml version="1.0" encoding="UTF-8"?>
<testng-results skipped="0" failed="0" total="1" passed="1">
  <reporter-output>
  </reporter-output>
  <suite name="Default suite" duration-ms="68966" started-at="2015-06-22T17:47:51Z" finished-at="2015-06-22T17:49:00Z">
    <groups>
    </groups>
    <test name="Default test" duration-ms="68966" started-at="2015-06-22T17:47:51Z" finished-at="2015-06-22T17:49:00Z">
      <class name="com.ele.me.EasyDemo.Mianflow">
        <test-method status="PASS" signature="setUp()[pri:0, instance:com.ele.me.EasyDemo.Mianflow@5ebec15]" name="setUp" is-config="true" duration-ms="6214" started-at="2015-06-23T01:47:51Z" finished-at="2015-06-23T01:47:57Z">
          <reporter-output>
          </reporter-output>
        </test-method> <!-- setUp -->
        <test-method status="PASS" signature="myMainflow()[pri:0, instance:com.ele.me.EasyDemo.Mianflow@5ebec15]" name="myMainflow" duration-ms="62255" started-at="2015-06-23T01:47:57Z" finished-at="2015-06-23T01:48:59Z">
          <reporter-output>
          </reporter-output>
        </test-method> <!-- myMainflow -->
        <test-method status="PASS" signature="tearDown()[pri:0, instance:com.ele.me.EasyDemo.Mianflow@5ebec15]" name="tearDown" is-config="true" duration-ms="468" started-at="2015-06-23T01:48:59Z" finished-at="2015-06-23T01:49:00Z">
          <reporter-output>
          </reporter-output>
        </test-method> <!-- tearDown -->
      </class> <!-- com.ele.me.EasyDemo.Mianflow -->
    </test> <!-- Default test -->
  </suite> <!-- Default suite -->
</testng-results>
